#
# There is insufficient memory for the Java Runtime Environment to continue.
# Native memory allocation (malloc) failed to allocate 566176 bytes for Chunk::new
# Possible reasons:
#   The system is out of physical RAM or swap space
#   The process is running with CompressedOops enabled, and the Java Heap may be blocking the growth of the native heap
# Possible solutions:
#   Reduce memory load on the system
#   Increase physical memory or swap space
#   Check if swap backing store is full
#   Decrease Java heap size (-Xmx/-Xms)
#   Decrease number of Java threads
#   Decrease Java thread stack sizes (-Xss)
#   Set larger code cache with -XX:ReservedCodeCacheSize=
#   JVM is running with Zero Based Compressed Oops mode in which the Java heap is
#     placed in the first 32GB address space. The Java Heap base address is the
#     maximum limit for the native heap growth. Please use -XX:HeapBaseMinAddress
#     to set the Java Heap base and to place the Java Heap above 32GB virtual address.
# This output file may be truncated or incomplete.
#
#  Out of Memory Error (allocation.cpp:389), pid=50736, tid=0x000000000000cb9c
#
# JRE version: Java(TM) SE Runtime Environment (8.0_271-b09) (build 1.8.0_271-b09)
# Java VM: Java HotSpot(TM) 64-Bit Server VM (25.271-b09 mixed mode windows-amd64 compressed oops)
# Failed to write core dump. Minidumps are not enabled by default on client versions of Windows
#

---------------  T H R E A D  ---------------

Current thread (0x000001f8ad0d1000):  JavaThread "C2 CompilerThread2" daemon [_thread_in_native, id=52124, stack(0x000000b600c00000,0x000000b600d00000)]

Stack: [0x000000b600c00000,0x000000b600d00000]
Native frames: (J=compiled Java code, j=interpreted, Vv=VM code, C=native code)
V  [jvm.dll+0x33f6c9]
V  [jvm.dll+0x286122]
V  [jvm.dll+0x286dcd]
V  [jvm.dll+0x27d805]
V  [jvm.dll+0xe574c]
V  [jvm.dll+0xe5f4c]
V  [jvm.dll+0x462b72]
V  [jvm.dll+0x49df9d]
V  [jvm.dll+0x452bf1]
V  [jvm.dll+0x44feb4]
V  [jvm.dll+0x43aef7]
V  [jvm.dll+0xbc3eb]
V  [jvm.dll+0xbaa4b]
V  [jvm.dll+0x24e7c2]
V  [jvm.dll+0x2a2dcc]
C  [ucrtbase.dll+0x21bb2]
C  [KERNEL32.DLL+0x17034]
C  [ntdll.dll+0x52651]


Current CompileTask:
C2:   1765 1427       4       java.io.WinNTFileSystem::normalize (143 bytes)


---------------  P R O C E S S  ---------------

Java Threads: ( => current thread )
  0x000001f8af1a5800 JavaThread "background-preinit" [_thread_in_native, id=19972, stack(0x000000b601800000,0x000000b601900000)]
  0x000001f8ad1e3000 JavaThread "Service Thread" daemon [_thread_blocked, id=51988, stack(0x000000b601600000,0x000000b601700000)]
  0x000001f8ad0f4000 JavaThread "C1 CompilerThread11" daemon [_thread_blocked, id=49480, stack(0x000000b601500000,0x000000b601600000)]
  0x000001f8ad0f3000 JavaThread "C1 CompilerThread10" daemon [_thread_blocked, id=51864, stack(0x000000b601400000,0x000000b601500000)]
  0x000001f8ad0f9000 JavaThread "C1 CompilerThread9" daemon [_thread_blocked, id=51336, stack(0x000000b601300000,0x000000b601400000)]
  0x000001f8ad0f6000 JavaThread "C1 CompilerThread8" daemon [_thread_blocked, id=51072, stack(0x000000b601200000,0x000000b601300000)]
  0x000001f8ad0f4800 JavaThread "C2 CompilerThread7" daemon [_thread_blocked, id=51980, stack(0x000000b601100000,0x000000b601200000)]
  0x000001f8ad0f8800 JavaThread "C2 CompilerThread6" daemon [_thread_blocked, id=49596, stack(0x000000b601000000,0x000000b601100000)]
  0x000001f8ad0fa000 JavaThread "C2 CompilerThread5" daemon [_thread_blocked, id=50768, stack(0x000000b600f00000,0x000000b601000000)]
  0x000001f8ad0f5800 JavaThread "C2 CompilerThread4" daemon [_thread_blocked, id=51688, stack(0x000000b600e00000,0x000000b600f00000)]
  0x000001f8ad0de000 JavaThread "C2 CompilerThread3" daemon [_thread_blocked, id=51696, stack(0x000000b600d00000,0x000000b600e00000)]
=>0x000001f8ad0d1000 JavaThread "C2 CompilerThread2" daemon [_thread_in_native, id=52124, stack(0x000000b600c00000,0x000000b600d00000)]
  0x000001f8ad0cb800 JavaThread "C2 CompilerThread1" daemon [_thread_in_native, id=52188, stack(0x000000b600b00000,0x000000b600c00000)]
  0x000001f8ad0c6000 JavaThread "C2 CompilerThread0" daemon [_thread_blocked, id=52212, stack(0x000000b600a00000,0x000000b600b00000)]
  0x000001f8ad0c4800 JavaThread "Monitor Ctrl-Break" daemon [_thread_in_native, id=52128, stack(0x000000b600900000,0x000000b600a00000)]
  0x000001f8ad037800 JavaThread "Attach Listener" daemon [_thread_blocked, id=4792, stack(0x000000b600800000,0x000000b600900000)]
  0x000001f8ad0a2000 JavaThread "Signal Dispatcher" daemon [_thread_blocked, id=52208, stack(0x000000b600700000,0x000000b600800000)]
  0x000001f8ad019800 JavaThread "Finalizer" daemon [_thread_blocked, id=52060, stack(0x000000b600600000,0x000000b600700000)]
  0x000001f8ad012000 JavaThread "Reference Handler" daemon [_thread_blocked, id=52000, stack(0x000000b600500000,0x000000b600600000)]
  0x000001f890101800 JavaThread "main" [_thread_in_vm, id=38784, stack(0x000000b67f600000,0x000000b67f700000)]

Other Threads:
  0x000001f8ab302000 VMThread [stack: 0x000000b600400000,0x000000b600500000] [id=52116]
  0x000001f8ad1fd800 WatcherThread [stack: 0x000000b601700000,0x000000b601800000] [id=49680]

VM state:not at safepoint (normal execution)

VM Mutex/Monitor currently owned by a thread: None

heap address: 0x00000006c2000000, size: 4064 MB, Compressed Oops mode: Zero based, Oop shift amount: 3
Narrow klass base: 0x0000000000000000, Narrow klass shift: 3
Compressed class space size: 1073741824 Address: 0x00000007c0000000

Heap:
 PSYoungGen      total 75776K, used 39366K [0x000000076b580000, 0x0000000770a00000, 0x00000007c0000000)
  eden space 65024K, 50% used [0x000000076b580000,0x000000076d554348,0x000000076f500000)
  from space 10752K, 62% used [0x000000076f500000,0x000000076fb9d540,0x000000076ff80000)
  to   space 10752K, 0% used [0x000000076ff80000,0x000000076ff80000,0x0000000770a00000)
 ParOldGen       total 173568K, used 16K [0x00000006c2000000, 0x00000006cc980000, 0x000000076b580000)
  object space 173568K, 0% used [0x00000006c2000000,0x00000006c2004000,0x00000006cc980000)
 Metaspace       used 14561K, capacity 15198K, committed 15616K, reserved 1071104K
  class space    used 1811K, capacity 1949K, committed 2048K, reserved 1048576K

Card table byte_map: [0x000001f8a12f0000,0x000001f8a1af0000] byte_map_base: 0x000001f89dce0000

Marking Bits: (ParMarkBitMap*) 0x0000000055a17fe0
 Begin Bits: [0x000001f8a2040000, 0x000001f8a5fc0000)
 End Bits:   [0x000001f8a5fc0000, 0x000001f8a9f40000)

Polling page: 0x000001f8902a0000

CodeCache: size=245760Kb used=6578Kb max_used=6592Kb free=239181Kb
 bounds [0x000001f891f30000, 0x000001f8925b0000, 0x000001f8a0f30000]
 total_blobs=1792 nmethods=1453 adapters=249
 compilation: enabled

Compilation events (10 events):
Event: 1.714 Thread 0x000001f8ad0f9000 1431       3       java.lang.invoke.TypeConvertingMethodAdapter::cast (42 bytes)
Event: 1.714 Thread 0x000001f8ad0f9000 nmethod 1431 0x000001f892570b90 code [0x000001f892570d40, 0x000001f8925712f0]
Event: 1.714 Thread 0x000001f8ad0f4000 1432       3       java.lang.invoke.TypeConvertingMethodAdapter::convertType (299 bytes)
Event: 1.714 Thread 0x000001f8ad0f6000 1433       3       jdk.internal.org.objectweb.asm.MethodVisitor::visitVarInsn (17 bytes)
Event: 1.715 Thread 0x000001f8ad0f6000 nmethod 1433 0x000001f892570650 code [0x000001f8925707c0, 0x000001f892570a30]
Event: 1.717 Thread 0x000001f8ad0f4800 1434       4       java.lang.String::toUpperCase (439 bytes)
Event: 1.717 Thread 0x000001f8ad0de000 1435       4       java.util.jar.Manifest$FastInputStream::readLine (167 bytes)
Event: 1.721 Thread 0x000001f8ad0de000 nmethod 1435 0x000001f89257b1d0 code [0x000001f89257b320, 0x000001f89257b748]
Event: 1.722 Thread 0x000001f8ad0f4000 nmethod 1432 0x000001f89257b990 code [0x000001f89257c740, 0x000001f8925882a0]
Event: 1.727 Thread 0x000001f8ad0f4800 nmethod 1434 0x000001f8925731d0 code [0x000001f892573360, 0x000001f892573cf8]

GC Heap History (2 events):
Event: 1.343 GC heap before
{Heap before GC invocations=1 (full 0):
 PSYoungGen      total 75776K, used 65024K [0x000000076b580000, 0x0000000770a00000, 0x00000007c0000000)
  eden space 65024K, 100% used [0x000000076b580000,0x000000076f500000,0x000000076f500000)
  from space 10752K, 0% used [0x000000076ff80000,0x000000076ff80000,0x0000000770a00000)
  to   space 10752K, 0% used [0x000000076f500000,0x000000076f500000,0x000000076ff80000)
 ParOldGen       total 173568K, used 0K [0x00000006c2000000, 0x00000006cc980000, 0x000000076b580000)
  object space 173568K, 0% used [0x00000006c2000000,0x00000006c2000000,0x00000006cc980000)
 Metaspace       used 10992K, capacity 11382K, committed 11648K, reserved 1058816K
  class space    used 1307K, capacity 1397K, committed 1408K, reserved 1048576K
Event: 1.347 GC heap after
Heap after GC invocations=1 (full 0):
 PSYoungGen      total 75776K, used 6773K [0x000000076b580000, 0x0000000770a00000, 0x00000007c0000000)
  eden space 65024K, 0% used [0x000000076b580000,0x000000076b580000,0x000000076f500000)
  from space 10752K, 62% used [0x000000076f500000,0x000000076fb9d540,0x000000076ff80000)
  to   space 10752K, 0% used [0x000000076ff80000,0x000000076ff80000,0x0000000770a00000)
 ParOldGen       total 173568K, used 16K [0x00000006c2000000, 0x00000006cc980000, 0x000000076b580000)
  object space 173568K, 0% used [0x00000006c2000000,0x00000006c2004000,0x00000006cc980000)
 Metaspace       used 10992K, capacity 11382K, committed 11648K, reserved 1058816K
  class space    used 1307K, capacity 1397K, committed 1408K, reserved 1048576K
}

Deoptimization events (10 events):
Event: 0.950 Thread 0x000001f890101800 Uncommon trap: reason=class_check action=maybe_recompile pc=0x000001f892318584 method=java.lang.String.equals(Ljava/lang/Object;)Z @ 8
Event: 0.954 Thread 0x000001f890101800 Uncommon trap: reason=class_check action=maybe_recompile pc=0x000001f892318584 method=java.lang.String.equals(Ljava/lang/Object;)Z @ 8
Event: 0.954 Thread 0x000001f890101800 Uncommon trap: reason=class_check action=maybe_recompile pc=0x000001f892318584 method=java.lang.String.equals(Ljava/lang/Object;)Z @ 8
Event: 1.163 Thread 0x000001f890101800 Uncommon trap: reason=range_check action=make_not_entrant pc=0x000001f8923b87a8 method=sun.reflect.generics.parser.SignatureParser.current()C @ 34
Event: 1.264 Thread 0x000001f890101800 Uncommon trap: reason=unstable_if action=reinterpret pc=0x000001f89246cd0c method=jdk.internal.org.objectweb.asm.ByteVector.putShort(I)Ljdk/internal/org/objectweb/asm/ByteVector; @ 13
Event: 1.439 Thread 0x000001f890101800 Uncommon trap: reason=unstable_if action=reinterpret pc=0x000001f892321934 method=java.io.WinNTFileSystem.normalize(Ljava/lang/String;)Ljava/lang/String; @ 128
Event: 1.471 Thread 0x000001f890101800 Uncommon trap: reason=unstable_if action=reinterpret pc=0x000001f89246a18c method=java.util.HashMap.putVal(ILjava/lang/Object;Ljava/lang/Object;ZZ)Ljava/lang/Object; @ 236
Event: 1.476 Thread 0x000001f890101800 Uncommon trap: reason=unstable_if action=reinterpret pc=0x000001f8922ba230 method=java.lang.String.indexOf([CII[CIII)I @ 3
Event: 1.646 Thread 0x000001f890101800 Uncommon trap: reason=unstable_if action=reinterpret pc=0x000001f89253a970 method=org.springframework.boot.context.properties.source.ConfigurationPropertyName$ElementsParser.isAlpha(C)Z @ 9
Event: 1.708 Thread 0x000001f890101800 Uncommon trap: reason=unstable_if action=reinterpret pc=0x000001f892559350 method=java.net.URL.<init>(Ljava/net/URL;Ljava/lang/String;Ljava/net/URLStreamHandler;)V @ 347

Classes redefined (0 events):
No events

Internal exceptions (10 events):
Event: 0.889 Thread 0x000001f890101800 Exception <a 'java/lang/NoSuchMethodError': org.slf4j.impl.StaticMDCBinder.getSingleton()Lorg/slf4j/impl/StaticMDCBinder;> (0x000000076d2ee270) thrown at [C:\jenkins\workspace\8-2-build-windows-amd64-cygwin\jdk8u271\605\hotspot\src\share\vm\interpreter\li
Event: 0.945 Thread 0x000001f890101800 Exception <a 'java/lang/NoSuchMethodError': java.lang.Object.lambda$comparingInt$7b0bb60$1(Ljava/util/function/ToIntFunction;Ljava/lang/Object;Ljava/lang/Object;)I> (0x000000076d75e050) thrown at [C:\jenkins\workspace\8-2-build-windows-amd64-cygwin\jdk8u2
Event: 1.143 Thread 0x000001f890101800 Exception <a 'java/lang/NoSuchMethodError': java.lang.Object.lambda$static$0(Ljava/lang/Object;)Ljava/lang/Object;> (0x000000076e41ffb8) thrown at [C:\jenkins\workspace\8-2-build-windows-amd64-cygwin\jdk8u271\605\hotspot\src\share\vm\interpreter\linkResol
Event: 1.163 Thread 0x000001f890101800 Exception <a 'java/lang/ArrayIndexOutOfBoundsException': 18> (0x000000076e59c430) thrown at [C:\jenkins\workspace\8-2-build-windows-amd64-cygwin\jdk8u271\605\hotspot\src\share\vm\interpreter\interpreterRuntime.cpp, line 371]
Event: 1.163 Thread 0x000001f890101800 Exception <a 'java/lang/ArrayIndexOutOfBoundsException': 182> (0x000000076e59e998) thrown at [C:\jenkins\workspace\8-2-build-windows-amd64-cygwin\jdk8u271\605\hotspot\src\share\vm\interpreter\interpreterRuntime.cpp, line 371]
Event: 1.163 Thread 0x000001f890101800 Exception <a 'java/lang/ArrayIndexOutOfBoundsException': 60> (0x000000076e5a0d30) thrown at [C:\jenkins\workspace\8-2-build-windows-amd64-cygwin\jdk8u271\605\hotspot\src\share\vm\interpreter\interpreterRuntime.cpp, line 371]
Event: 1.408 Thread 0x000001f890101800 Exception <a 'java/lang/NoSuchMethodError': java.lang.Object.lambda$comparing$77a9974f$1(Ljava/util/function/Function;Ljava/lang/Object;Ljava/lang/Object;)I> (0x000000076ba5b178) thrown at [C:\jenkins\workspace\8-2-build-windows-amd64-cygwin\jdk8u271\605\
Event: 1.494 Thread 0x000001f890101800 Exception <a 'java/lang/NoSuchMethodError': java.lang.Object.lambda$or$2(Ljava/util/function/BiPredicate;Ljava/lang/Object;Ljava/lang/Object;)Z> (0x000000076c06e828) thrown at [C:\jenkins\workspace\8-2-build-windows-amd64-cygwin\jdk8u271\605\hotspot\src\s
Event: 1.496 Thread 0x000001f890101800 Exception <a 'java/lang/NoSuchMethodError': java.lang.Object.lambda$chars$0()Ljava/util/Spliterator$OfInt;> (0x000000076c080810) thrown at [C:\jenkins\workspace\8-2-build-windows-amd64-cygwin\jdk8u271\605\hotspot\src\share\vm\interpreter\linkResolver.cpp,
Event: 1.704 Thread 0x000001f8af1a5800 Exception <a 'java/lang/NoClassDefFoundError': javax/validation/Validation> (0x000000076cc94818) thrown at [C:\jenkins\workspace\8-2-build-windows-amd64-cygwin\jdk8u271\605\hotspot\src\share\vm\classfile\systemDictionary.cpp, line 201]

Events (10 events):
Event: 1.726 loading class org/springframework/http/converter/AbstractHttpMessageConverter
Event: 1.726 loading class org/springframework/http/converter/AbstractHttpMessageConverter done
Event: 1.726 loading class org/springframework/beans/factory/support/AbstractBeanFactory
Event: 1.726 loading class org/springframework/beans/factory/support/AbstractBeanFactory done
Event: 1.727 loading class org/springframework/http/HttpLogging
Event: 1.727 loading class org/springframework/http/HttpLogging done
Event: 1.728 loading class org/springframework/beans/factory/support/FactoryBeanRegistrySupport
Event: 1.728 loading class org/springframework/beans/factory/support/FactoryBeanRegistrySupport done
Event: 1.728 loading class org/springframework/core/log/LogDelegateFactory
Event: 1.728 loading class org/springframework/core/log/LogDelegateFactory done


Dynamic libraries:
0x00007ff7d4460000 - 0x00007ff7d44a7000 	D:\Program Files\Java\jdk1.8.0_271\bin\java.exe
0x00007ffffbdb0000 - 0x00007ffffbfa5000 	C:\Windows\SYSTEM32\ntdll.dll
0x00007ffffb3a0000 - 0x00007ffffb45d000 	C:\Windows\System32\KERNEL32.DLL
0x00007ffff97a0000 - 0x00007ffff9a69000 	C:\Windows\System32\KERNELBASE.dll
0x00007ffffb590000 - 0x00007ffffb63c000 	C:\Windows\System32\ADVAPI32.dll
0x00007ffffb640000 - 0x00007ffffb6de000 	C:\Windows\System32\msvcrt.dll
0x00007ffffb290000 - 0x00007ffffb32c000 	C:\Windows\System32\sechost.dll
0x00007ffffb0a0000 - 0x00007ffffb1cb000 	C:\Windows\System32\RPCRT4.dll
0x00007ffffa160000 - 0x00007ffffa300000 	C:\Windows\System32\USER32.dll
0x00007ffff9c00000 - 0x00007ffff9c22000 	C:\Windows\System32\win32u.dll
0x00007ffffb6e0000 - 0x00007ffffb70a000 	C:\Windows\System32\GDI32.dll
0x00007ffff9af0000 - 0x00007ffff9bfb000 	C:\Windows\System32\gdi32full.dll
0x00007ffff9cc0000 - 0x00007ffff9d5d000 	C:\Windows\System32\msvcp_win.dll
0x00007ffff94f0000 - 0x00007ffff95f0000 	C:\Windows\System32\ucrtbase.dll
0x00007fffe7fd0000 - 0x00007fffe826a000 	C:\Windows\WinSxS\amd64_microsoft.windows.common-controls_6595b64144ccf1df_6.0.19041.844_none_ca00b6081b84eb1d\COMCTL32.dll
0x00007ffffb500000 - 0x00007ffffb530000 	C:\Windows\System32\IMM32.DLL
0x0000000055d00000 - 0x0000000055d0c000 	C:\Program Files (x86)\360\360Safe\safemon\SafeWrapper.dll
0x00007fffe7280000 - 0x00007fffe7312000 	C:\Program Files (x86)\360\360Safe\safemon\libzdtp64.dll
0x00007ffffa380000 - 0x00007ffffaac2000 	C:\Windows\System32\SHELL32.dll
0x00007ffffb230000 - 0x00007ffffb285000 	C:\Windows\System32\SHLWAPI.dll
0x00007ffff9010000 - 0x00007ffff901a000 	C:\Windows\SYSTEM32\VERSION.dll
0x00007ffff7450000 - 0x00007ffff7465000 	D:\Program Files\Java\jdk1.8.0_271\jre\bin\vcruntime140.dll
0x00007ffff4a00000 - 0x00007ffff4a9b000 	D:\Program Files\Java\jdk1.8.0_271\jre\bin\msvcp140.dll
0x0000000055220000 - 0x0000000055a8f000 	D:\Program Files\Java\jdk1.8.0_271\jre\bin\server\jvm.dll
0x00007ffffb710000 - 0x00007ffffb718000 	C:\Windows\System32\PSAPI.DLL
0x00007ffff65a0000 - 0x00007ffff65a9000 	C:\Windows\SYSTEM32\WSOCK32.dll
0x00007ffffb330000 - 0x00007ffffb39b000 	C:\Windows\System32\WS2_32.dll
0x00007ffff0430000 - 0x00007ffff0457000 	C:\Windows\SYSTEM32\WINMM.dll
0x00007ffff7d60000 - 0x00007ffff7d72000 	C:\Windows\SYSTEM32\kernel.appcore.dll
0x00007ffff7d20000 - 0x00007ffff7d30000 	D:\Program Files\Java\jdk1.8.0_271\jre\bin\verify.dll
0x00007fffc6d40000 - 0x00007fffc6d6b000 	D:\Program Files\Java\jdk1.8.0_271\jre\bin\java.dll
0x00007fffc4650000 - 0x00007fffc4680000 	D:\Program Files\Java\jdk1.8.0_271\jre\bin\instrument.dll
0x00007ffff7430000 - 0x00007ffff7448000 	D:\Program Files\Java\jdk1.8.0_271\jre\bin\zip.dll
0x00007ffff74d0000 - 0x00007ffff7c60000 	C:\Windows\SYSTEM32\windows.storage.dll
0x00007ffffaad0000 - 0x00007ffffae25000 	C:\Windows\System32\combase.dll
0x00007ffff8e80000 - 0x00007ffff8eac000 	C:\Windows\SYSTEM32\Wldp.dll
0x00007ffffafe0000 - 0x00007ffffb08e000 	C:\Windows\System32\SHCORE.dll
0x00007ffff9430000 - 0x00007ffff944f000 	C:\Windows\SYSTEM32\profapi.dll
0x00007fffc2060000 - 0x00007fffc207a000 	D:\Program Files\JetBrains\IntelliJ IDEA Community Edition 2019.3.4\bin\breakgen64.dll
0x00007fffe1510000 - 0x00007fffe152c000 	D:\Program Files\Java\jdk1.8.0_271\jre\bin\net.dll
0x00007ffff8ba0000 - 0x00007ffff8c0a000 	C:\Windows\system32\mswsock.dll
0x00007ffff7d10000 - 0x00007ffff7d1d000 	D:\Program Files\Java\jdk1.8.0_271\jre\bin\management.dll
0x00007fffe40e0000 - 0x00007fffe4113000 	C:\Program Files (x86)\Sangfor\SSL\ClientComponent\1_SangforNspX64.dll
0x00007ffffbb90000 - 0x00007ffffbcba000 	C:\Windows\System32\ole32.dll
0x00007ffff9f50000 - 0x00007ffffa01d000 	C:\Windows\System32\OLEAUT32.dll
0x00007fffe3fb0000 - 0x00007fffe3fc7000 	C:\Windows\system32\napinsp.dll
0x00007fffe3f30000 - 0x00007fffe3f4b000 	C:\Windows\system32\pnrpnsp.dll
0x00007ffff3c10000 - 0x00007ffff3c25000 	C:\Windows\system32\wshbth.dll
0x00007ffff4820000 - 0x00007ffff483d000 	C:\Windows\system32\NLAapi.dll
0x00007ffff8890000 - 0x00007ffff88cb000 	C:\Windows\SYSTEM32\IPHLPAPI.DLL
0x00007ffff88d0000 - 0x00007ffff899b000 	C:\Windows\SYSTEM32\DNSAPI.dll
0x00007ffffb4f0000 - 0x00007ffffb4f8000 	C:\Windows\System32\NSI.dll
0x00007fffe3e40000 - 0x00007fffe3e52000 	C:\Windows\System32\winrnr.dll
0x00007ffff0420000 - 0x00007ffff042a000 	C:\Windows\System32\rasadhlp.dll
0x00007ffff0340000 - 0x00007ffff03bf000 	C:\Windows\System32\fwpuclnt.dll
0x00007ffff9c30000 - 0x00007ffff9c57000 	C:\Windows\System32\bcrypt.dll
0x00007ffff6970000 - 0x00007ffff6b54000 	C:\Windows\SYSTEM32\dbghelp.dll
0x00007ffff9a70000 - 0x00007ffff9af0000 	C:\Windows\System32\bcryptPrimitives.dll

VM Arguments:
jvm_args: -Dvisualvm.id=248519905495100 -ea -Didea.test.cyclic.buffer.size=1048576 -javaagent:D:\Program Files\JetBrains\IntelliJ IDEA Community Edition 2019.3.4\lib\idea_rt.jar=61388:D:\Program Files\JetBrains\IntelliJ IDEA Community Edition 2019.3.4\bin -Dfile.encoding=UTF-8 
java_command: com.intellij.rt.junit.JUnitStarter -ideVersion5 -junit4 com.fen.dou.TestJunit,testSay
java_class_path (initial): D:\Program Files\JetBrains\IntelliJ IDEA Community Edition 2019.3.4\lib\idea_rt.jar;D:\Program Files\JetBrains\IntelliJ IDEA Community Edition 2019.3.4\plugins\junit\lib\junit5-rt.jar;D:\Program Files\JetBrains\IntelliJ IDEA Community Edition 2019.3.4\plugins\junit\lib\junit-rt.jar;D:\Program Files\Java\jdk1.8.0_271\jre\lib\charsets.jar;D:\Program Files\Java\jdk1.8.0_271\jre\lib\deploy.jar;D:\Program Files\Java\jdk1.8.0_271\jre\lib\ext\access-bridge-64.jar;D:\Program Files\Java\jdk1.8.0_271\jre\lib\ext\cldrdata.jar;D:\Program Files\Java\jdk1.8.0_271\jre\lib\ext\dnsns.jar;D:\Program Files\Java\jdk1.8.0_271\jre\lib\ext\jaccess.jar;D:\Program Files\Java\jdk1.8.0_271\jre\lib\ext\jfxrt.jar;D:\Program Files\Java\jdk1.8.0_271\jre\lib\ext\localedata.jar;D:\Program Files\Java\jdk1.8.0_271\jre\lib\ext\nashorn.jar;D:\Program Files\Java\jdk1.8.0_271\jre\lib\ext\sunec.jar;D:\Program Files\Java\jdk1.8.0_271\jre\lib\ext\sunjce_provider.jar;D:\Program Files\Java\jdk1.8.0_271\jre\lib\ext\sunmscapi.jar;D:\Program Files\Java\jdk1.8.0_271\jre\lib\ext\sunpkcs11.jar;D:\Program Files\Java\jdk1.8.0_271\jre\lib\ext\zipfs.jar;D:\Program Files\Java\jdk1.8.0_271\jre\lib\javaws.jar;D:\Program Files\Java\jdk1.8.0_271\jre\lib\jce.jar;D:\Program Files\Java\jdk1.8.0_271\jre\lib\jfr.jar;D:\Program Files\Java\jdk1.8.0_271\jre\lib\jfxswt.jar;D:\Program Files\Java\jdk1.8.0_271\jre\lib\jsse.jar;D:\Program Files\Java\jdk1.8.0_271\jre\lib\management-agent.jar;D:\Program Files\Java\jdk1.8.0_271\jre\lib\plugin.jar;D:\Program Files\Java\jdk1.8.0_271\jre\lib\resources.jar;D:\Program Files\Java\jdk1.8.0_271\jre\lib\rt.jar;F:\code\sharding-jdbc\target\test-classes;F:\code\sharding-jdbc\target\classes;D:\apache-maven-3.6.3-bin\apache-maven-3.6.3\repo\org\springframework\boot\spring-boot-starter-web\2.3.7.RELEASE\spring-boot-starter-web-2.3.7.RELEASE.jar;D:\apache-maven-3.6.3-bin\apache-maven-3.6.3\repo\org\springframework\boot\spring-boot-starter\2.3.7.RELEASE\spring-boot-starter-2.3
Launcher Type: SUN_STANDARD

Environment Variables:
JAVA_HOME=D:\Program Files\Java\jdk1.8.0_271
PATH=D:\Program Files (x86)\VMware\VMware Workstation\bin\;C:\Program Files (x86)\Common Files\Oracle\Java\javapath;C:\Windows\system32;C:\Windows;C:\Windows\System32\Wbem;C:\Windows\System32\WindowsPowerShell\v1.0\;C:\Windows\System32\OpenSSH\;C:\Program Files (x86)\NVIDIA Corporation\PhysX\Common;C:\Program Files\NVIDIA Corporation\NVIDIA NvDLISR;D:\Program Files (x86)\NetSarang\Xshell 7\;D:\Program Files (x86)\NetSarang\Xftp 7\;d:\Program Files\Git\cmd;D:\Program Files\TortoiseGit\bin;D:\gradle-5.3.1-bin\gradle-5.3.1\bin;D:\protoc-3.14.0-win64\bin;\;C:\Program Files (x86)\Yozosoft\Yozo_Office\Lib\xuggler\bin;D:\apache-maven-3.6.3-bin\apache-maven-3.6.3\bin;E:\VisualSVN Server\bin;E:\TortoiseSVN\bin;D:\scala-2.12.15\bin;E:\apache-zookeeper-3.5.9-bin\bin;D:\rocketmq-all-4.8.0-bin-release\bin;C:\Users\70765\AppData\Local\Microsoft\WindowsApps;;d:\Program Files\JetBrains\IntelliJ IDEA 2020.3\bin;
USERNAME=yangcai
OS=Windows_NT
PROCESSOR_IDENTIFIER=AMD64 Family 23 Model 96 Stepping 1, AuthenticAMD



---------------  S Y S T E M  ---------------

OS: Windows 10.0 , 64 bit Build 19041 (10.0.19041.804)

CPU:total 16 (initial active 16) (16 cores per cpu, 1 threads per core) family 23 model 96 stepping 1, cmov, cx8, fxsr, mmx, sse, sse2, sse3, ssse3, sse4.1, sse4.2, popcnt, avx, avx2, aes, clmul, mmxext, 3dnowpref, lzcnt, sse4a, tsc, tscinvbit, tscinv, bmi1

Memory: 4k page, physical 16643396k(1185680k free), swap 33029680k(103180k free)

vm_info: Java HotSpot(TM) 64-Bit Server VM (25.271-b09) for windows-amd64 JRE (1.8.0_271-b09), built on Sep 16 2020 19:14:59 by "" with MS VC++ 15.9 (VS2017)

time: Wed Apr  6 12:34:09 2022
timezone: 中国标准时间
elapsed time: 1.774034 seconds (0d 0h 0m 1s)

