#
# There is insufficient memory for the Java Runtime Environment to continue.
# Native memory allocation (malloc) failed to allocate 380016 bytes for Chunk::new
# Possible reasons:
#   The system is out of physical RAM or swap space
#   The process is running with CompressedOops enabled, and the Java Heap may be blocking the growth of the native heap
# Possible solutions:
#   Reduce memory load on the system
#   Increase physical memory or swap space
#   Check if swap backing store is full
#   Decrease Java heap size (-Xmx/-Xms)
#   Decrease number of Java threads
#   Decrease Java thread stack sizes (-Xss)
#   Set larger code cache with -XX:ReservedCodeCacheSize=
#   JVM is running with Zero Based Compressed Oops mode in which the Java heap is
#     placed in the first 32GB address space. The Java Heap base address is the
#     maximum limit for the native heap growth. Please use -XX:HeapBaseMinAddress
#     to set the Java Heap base and to place the Java Heap above 32GB virtual address.
# This output file may be truncated or incomplete.
#
#  Out of Memory Error (allocation.cpp:389), pid=52020, tid=0x00000000000097dc
#
# JRE version: Java(TM) SE Runtime Environment (8.0_271-b09) (build 1.8.0_271-b09)
# Java VM: Java HotSpot(TM) 64-Bit Server VM (25.271-b09 mixed mode windows-amd64 compressed oops)
# Failed to write core dump. Minidumps are not enabled by default on client versions of Windows
#

---------------  T H R E A D  ---------------

Current thread (0x0000022dcc189000):  JavaThread "C2 CompilerThread0" daemon [_thread_in_native, id=38876, stack(0x0000005956c00000,0x0000005956d00000)]

Stack: [0x0000005956c00000,0x0000005956d00000]
Native frames: (J=compiled Java code, j=interpreted, Vv=VM code, C=native code)
V  [jvm.dll+0x33f6c9]
V  [jvm.dll+0x286122]
V  [jvm.dll+0x286dcd]
V  [jvm.dll+0x27d805]
V  [jvm.dll+0xe574c]
V  [jvm.dll+0xe5f4c]
V  [jvm.dll+0x462b72]
V  [jvm.dll+0x49df9d]
V  [jvm.dll+0x452bf1]
V  [jvm.dll+0x44feb4]
V  [jvm.dll+0x43aef7]
V  [jvm.dll+0xbc3eb]
V  [jvm.dll+0xbaa4b]
V  [jvm.dll+0x24e7c2]
V  [jvm.dll+0x2a2dcc]
C  [ucrtbase.dll+0x21bb2]
C  [KERNEL32.DLL+0x17034]
C  [ntdll.dll+0x52651]


Current CompileTask:
C2:   2244 1621   !   4       java.net.URL::<init> (543 bytes)


---------------  P R O C E S S  ---------------

Java Threads: ( => current thread )
  0x0000022dcc294800 JavaThread "Service Thread" daemon [_thread_blocked, id=51084, stack(0x0000005957800000,0x0000005957900000)]
  0x0000022dcc197000 JavaThread "C1 CompilerThread11" daemon [_thread_blocked, id=51460, stack(0x0000005957700000,0x0000005957800000)]
  0x0000022dcc195800 JavaThread "C1 CompilerThread10" daemon [_thread_blocked, id=50920, stack(0x0000005957600000,0x0000005957700000)]
  0x0000022dcc194000 JavaThread "C1 CompilerThread9" daemon [_thread_blocked, id=50824, stack(0x0000005957500000,0x0000005957600000)]
  0x0000022dcc193800 JavaThread "C1 CompilerThread8" daemon [_thread_blocked, id=19972, stack(0x0000005957400000,0x0000005957500000)]
  0x0000022dcc196800 JavaThread "C2 CompilerThread7" daemon [_thread_blocked, id=51344, stack(0x0000005957300000,0x0000005957400000)]
  0x0000022dcc195000 JavaThread "C2 CompilerThread6" daemon [_thread_blocked, id=47556, stack(0x0000005957200000,0x0000005957300000)]
  0x0000022dcc199800 JavaThread "C2 CompilerThread5" daemon [_thread_blocked, id=51524, stack(0x0000005957100000,0x0000005957200000)]
  0x0000022dcc198800 JavaThread "C2 CompilerThread4" daemon [_thread_blocked, id=51268, stack(0x0000005957000000,0x0000005957100000)]
  0x0000022dcc198000 JavaThread "C2 CompilerThread3" daemon [_thread_blocked, id=51272, stack(0x0000005956f00000,0x0000005957000000)]
  0x0000022dcc19a000 JavaThread "C2 CompilerThread2" daemon [_thread_blocked, id=14572, stack(0x0000005956e00000,0x0000005956f00000)]
  0x0000022dcc18c800 JavaThread "C2 CompilerThread1" daemon [_thread_blocked, id=48252, stack(0x0000005956d00000,0x0000005956e00000)]
=>0x0000022dcc189000 JavaThread "C2 CompilerThread0" daemon [_thread_in_native, id=38876, stack(0x0000005956c00000,0x0000005956d00000)]
  0x0000022dcc187800 JavaThread "Monitor Ctrl-Break" daemon [_thread_in_native, id=50404, stack(0x0000005956b00000,0x0000005956c00000)]
  0x0000022dcc10f000 JavaThread "Attach Listener" daemon [_thread_blocked, id=49328, stack(0x0000005956a00000,0x0000005956b00000)]
  0x0000022dcc10e800 JavaThread "Signal Dispatcher" daemon [_thread_blocked, id=50112, stack(0x0000005956900000,0x0000005956a00000)]
  0x0000022dca4c9800 JavaThread "Finalizer" daemon [_thread_blocked, id=51280, stack(0x0000005956800000,0x0000005956900000)]
  0x0000022dca4be800 JavaThread "Reference Handler" daemon [_thread_blocked, id=49772, stack(0x0000005956700000,0x0000005956800000)]
  0x0000022daf190800 JavaThread "main" [_thread_blocked, id=52084, stack(0x0000005955800000,0x0000005955900000)]

Other Threads:
  0x0000022dca4b3800 VMThread [stack: 0x0000005956600000,0x0000005956700000] [id=49680]
  0x0000022dcc277800 WatcherThread [stack: 0x0000005957900000,0x0000005957a00000] [id=47776]

VM state:at safepoint (normal execution)

VM Mutex/Monitor currently owned by a thread:  ([mutex/lock_event])
[0x0000022daf179b20] Threads_lock - owner thread: 0x0000022dca4b3800
[0x0000022daf17a520] Heap_lock - owner thread: 0x0000022daf190800

heap address: 0x00000006c2000000, size: 4064 MB, Compressed Oops mode: Zero based, Oop shift amount: 3
Narrow klass base: 0x0000000000000000, Narrow klass shift: 3
Compressed class space size: 1073741824 Address: 0x00000007c0000000

Heap:
 PSYoungGen      total 75776K, used 7382K [0x000000076b580000, 0x0000000770a00000, 0x00000007c0000000)
  eden space 65024K, 0% used [0x000000076b580000,0x000000076b580000,0x000000076f500000)
  from space 10752K, 68% used [0x000000076f500000,0x000000076fc35a10,0x000000076ff80000)
  to   space 10752K, 0% used [0x000000076ff80000,0x000000076ff80000,0x0000000770a00000)
 ParOldGen       total 173568K, used 145K [0x00000006c2000000, 0x00000006cc980000, 0x000000076b580000)
  object space 173568K, 0% used [0x00000006c2000000,0x00000006c2024410,0x00000006cc980000)
 Metaspace       used 20458K, capacity 21108K, committed 21296K, reserved 1069056K
  class space    used 2515K, capacity 2662K, committed 2688K, reserved 1048576K

Card table byte_map: [0x0000022dc04c0000,0x0000022dc0cc0000] byte_map_base: 0x0000022dbceb0000

Marking Bits: (ParMarkBitMap*) 0x0000000055a17fe0
 Begin Bits: [0x0000022dc1210000, 0x0000022dc5190000)
 End Bits:   [0x0000022dc5190000, 0x0000022dc9110000)

Polling page: 0x0000022daf420000

CodeCache: size=245760Kb used=7463Kb max_used=7463Kb free=238296Kb
 bounds [0x0000022db1100000, 0x0000022db1850000, 0x0000022dc0100000]
 total_blobs=2065 nmethods=1715 adapters=260
 compilation: enabled

Compilation events (10 events):
Event: 2.190 Thread 0x0000022dcc198800 1656       4       org.codehaus.groovy.reflection.CachedMethod::getName (8 bytes)
Event: 2.190 Thread 0x0000022dcc197000 1657       3       groovy.lang.MetaClassImpl$1MOPIter::methodNameAction (479 bytes)
Event: 2.190 Thread 0x0000022dcc193800 nmethod 1654 0x0000022db1813010 code [0x0000022db1813180, 0x0000022db1813310]
Event: 2.190 Thread 0x0000022dcc193800 1658       3       groovy.lang.MetaMethod::getMopName (105 bytes)
Event: 2.190 Thread 0x0000022dcc198800 nmethod 1656 0x0000022db1816050 code [0x0000022db1816180, 0x0000022db18161f8]
Event: 2.190 Thread 0x0000022dcc194000 nmethod 1655 0x0000022db1815850 code [0x0000022db18159e0, 0x0000022db1815e20]
Event: 2.190 Thread 0x0000022dcc194000 1659  s    3       java.lang.StringBuffer::append (13 bytes)
Event: 2.190 Thread 0x0000022dcc194000 nmethod 1659 0x0000022db18152d0 code [0x0000022db1815440, 0x0000022db1815770]
Event: 2.191 Thread 0x0000022dcc195800 nmethod 1653 0x0000022db1816290 code [0x0000022db1816640, 0x0000022db1818470]
Event: 2.191 Thread 0x0000022dcc193800 nmethod 1658 0x0000022db1819790 code [0x0000022db1819a80, 0x0000022db181bd10]

GC Heap History (4 events):
Event: 1.379 GC heap before
{Heap before GC invocations=1 (full 0):
 PSYoungGen      total 75776K, used 65024K [0x000000076b580000, 0x0000000770a00000, 0x00000007c0000000)
  eden space 65024K, 100% used [0x000000076b580000,0x000000076f500000,0x000000076f500000)
  from space 10752K, 0% used [0x000000076ff80000,0x000000076ff80000,0x0000000770a00000)
  to   space 10752K, 0% used [0x000000076f500000,0x000000076f500000,0x000000076ff80000)
 ParOldGen       total 173568K, used 0K [0x00000006c2000000, 0x00000006cc980000, 0x000000076b580000)
  object space 173568K, 0% used [0x00000006c2000000,0x00000006c2000000,0x00000006cc980000)
 Metaspace       used 10991K, capacity 11382K, committed 11648K, reserved 1058816K
  class space    used 1307K, capacity 1397K, committed 1408K, reserved 1048576K
Event: 1.384 GC heap after
Heap after GC invocations=1 (full 0):
 PSYoungGen      total 75776K, used 6743K [0x000000076b580000, 0x0000000770a00000, 0x00000007c0000000)
  eden space 65024K, 0% used [0x000000076b580000,0x000000076b580000,0x000000076f500000)
  from space 10752K, 62% used [0x000000076f500000,0x000000076fb95e78,0x000000076ff80000)
  to   space 10752K, 0% used [0x000000076ff80000,0x000000076ff80000,0x0000000770a00000)
 ParOldGen       total 173568K, used 16K [0x00000006c2000000, 0x00000006cc980000, 0x000000076b580000)
  object space 173568K, 0% used [0x00000006c2000000,0x00000006c2004000,0x00000006cc980000)
 Metaspace       used 10991K, capacity 11382K, committed 11648K, reserved 1058816K
  class space    used 1307K, capacity 1397K, committed 1408K, reserved 1048576K
}
Event: 2.041 GC heap before
{Heap before GC invocations=2 (full 0):
 PSYoungGen      total 75776K, used 71767K [0x000000076b580000, 0x0000000770a00000, 0x00000007c0000000)
  eden space 65024K, 100% used [0x000000076b580000,0x000000076f500000,0x000000076f500000)
  from space 10752K, 62% used [0x000000076f500000,0x000000076fb95e78,0x000000076ff80000)
  to   space 10752K, 0% used [0x000000076ff80000,0x000000076ff80000,0x0000000770a00000)
 ParOldGen       total 173568K, used 16K [0x00000006c2000000, 0x00000006cc980000, 0x000000076b580000)
  object space 173568K, 0% used [0x00000006c2000000,0x00000006c2004000,0x00000006cc980000)
 Metaspace       used 18219K, capacity 18830K, committed 19072K, reserved 1067008K
  class space    used 2257K, capacity 2409K, committed 2432K, reserved 1048576K
Event: 2.048 GC heap after
Heap after GC invocations=2 (full 0):
 PSYoungGen      total 75776K, used 10721K [0x000000076b580000, 0x0000000770a00000, 0x00000007c0000000)
  eden space 65024K, 0% used [0x000000076b580000,0x000000076b580000,0x000000076f500000)
  from space 10752K, 99% used [0x000000076ff80000,0x00000007709f8780,0x0000000770a00000)
  to   space 10752K, 0% used [0x000000076f500000,0x000000076f500000,0x000000076ff80000)
 ParOldGen       total 173568K, used 137K [0x00000006c2000000, 0x00000006cc980000, 0x000000076b580000)
  object space 173568K, 0% used [0x00000006c2000000,0x00000006c2022410,0x00000006cc980000)
 Metaspace       used 18219K, capacity 18830K, committed 19072K, reserved 1067008K
  class space    used 2257K, capacity 2409K, committed 2432K, reserved 1048576K
}

Deoptimization events (10 events):
Event: 1.174 Thread 0x0000022daf190800 Uncommon trap: reason=range_check action=make_not_entrant pc=0x0000022db1585e68 method=sun.reflect.generics.parser.SignatureParser.current()C @ 34
Event: 1.280 Thread 0x0000022daf190800 Uncommon trap: reason=unstable_if action=reinterpret pc=0x0000022db164d88c method=jdk.internal.org.objectweb.asm.ByteVector.putShort(I)Ljdk/internal/org/objectweb/asm/ByteVector; @ 13
Event: 1.484 Thread 0x0000022daf190800 Uncommon trap: reason=unstable_if action=reinterpret pc=0x0000022db14f1610 method=java.io.WinNTFileSystem.normalize(Ljava/lang/String;)Ljava/lang/String; @ 128
Event: 1.512 Thread 0x0000022daf190800 Uncommon trap: reason=unstable_if action=reinterpret pc=0x0000022db1640a9c method=java.util.HashMap.putVal(ILjava/lang/Object;Ljava/lang/Object;ZZ)Ljava/lang/Object; @ 236
Event: 1.517 Thread 0x0000022daf190800 Uncommon trap: reason=unstable_if action=reinterpret pc=0x0000022db14895b0 method=java.lang.String.indexOf([CII[CIII)I @ 3
Event: 1.670 Thread 0x0000022daf190800 Uncommon trap: reason=unstable_if action=reinterpret pc=0x0000022db170adf0 method=org.springframework.boot.context.properties.source.ConfigurationPropertyName$ElementsParser.isAlpha(C)Z @ 9
Event: 1.733 Thread 0x0000022daf190800 Uncommon trap: reason=unstable_if action=reinterpret pc=0x0000022db17294d0 method=java.net.URL.<init>(Ljava/net/URL;Ljava/lang/String;Ljava/net/URLStreamHandler;)V @ 347
Event: 1.886 Thread 0x0000022daf190800 Uncommon trap: reason=unstable_if action=reinterpret pc=0x0000022db158b728 method=java.util.HashMap.hash(Ljava/lang/Object;)I @ 1
Event: 1.995 Thread 0x0000022daf190800 Uncommon trap: reason=predicate action=maybe_recompile pc=0x0000022db1667330 method=java.lang.String.regionMatches(ZILjava/lang/String;II)Z @ 63
Event: 2.117 Thread 0x0000022dce8ad800 Uncommon trap: reason=unstable_if action=reinterpret pc=0x0000022db16cf868 method=jdk.internal.org.objectweb.asm.Type.getArgumentsAndReturnSizes(Ljava/lang/String;)I @ 47

Classes redefined (0 events):
No events

Internal exceptions (10 events):
Event: 1.175 Thread 0x0000022daf190800 Exception <a 'java/lang/ArrayIndexOutOfBoundsException': 182> (0x000000076e59e570) thrown at [C:\jenkins\workspace\8-2-build-windows-amd64-cygwin\jdk8u271\605\hotspot\src\share\vm\interpreter\interpreterRuntime.cpp, line 371]
Event: 1.175 Thread 0x0000022daf190800 Exception <a 'java/lang/ArrayIndexOutOfBoundsException': 60> (0x000000076e5a0908) thrown at [C:\jenkins\workspace\8-2-build-windows-amd64-cygwin\jdk8u271\605\hotspot\src\share\vm\interpreter\interpreterRuntime.cpp, line 371]
Event: 1.449 Thread 0x0000022daf190800 Exception <a 'java/lang/NoSuchMethodError': java.lang.Object.lambda$comparing$77a9974f$1(Ljava/util/function/Function;Ljava/lang/Object;Ljava/lang/Object;)I> (0x000000076bafd0b8) thrown at [C:\jenkins\workspace\8-2-build-windows-amd64-cygwin\jdk8u271\605\
Event: 1.533 Thread 0x0000022daf190800 Exception <a 'java/lang/NoSuchMethodError': java.lang.Object.lambda$or$2(Ljava/util/function/BiPredicate;Ljava/lang/Object;Ljava/lang/Object;)Z> (0x000000076c1109e8) thrown at [C:\jenkins\workspace\8-2-build-windows-amd64-cygwin\jdk8u271\605\hotspot\src\s
Event: 1.535 Thread 0x0000022daf190800 Exception <a 'java/lang/NoSuchMethodError': java.lang.Object.lambda$chars$0()Ljava/util/Spliterator$OfInt;> (0x000000076c1229d0) thrown at [C:\jenkins\workspace\8-2-build-windows-amd64-cygwin\jdk8u271\605\hotspot\src\share\vm\interpreter\linkResolver.cpp,
Event: 1.730 Thread 0x0000022dce8ad800 Exception <a 'java/lang/NoClassDefFoundError': javax/validation/Validation> (0x000000076cbf17c8) thrown at [C:\jenkins\workspace\8-2-build-windows-amd64-cygwin\jdk8u271\605\hotspot\src\share\vm\classfile\systemDictionary.cpp, line 201]
Event: 1.814 Thread 0x0000022daf190800 Exception <a 'java/lang/NoClassDefFoundError': javax/validation/ValidationException> (0x000000076d6384a0) thrown at [C:\jenkins\workspace\8-2-build-windows-amd64-cygwin\jdk8u271\605\hotspot\src\share\vm\classfile\systemDictionary.cpp, line 201]
Event: 1.843 Thread 0x0000022daf190800 Exception <a 'java/io/FileNotFoundException'> (0x000000076db37b18) thrown at [C:\jenkins\workspace\8-2-build-windows-amd64-cygwin\jdk8u271\605\hotspot\src\share\vm\prims\jni.cpp, line 710]
Event: 1.886 Thread 0x0000022daf190800 Implicit null exception at 0x0000022db158b515 to 0x0000022db158b719
Event: 2.124 Thread 0x0000022dce8ad800 Exception <a 'java/lang/IncompatibleClassChangeError': Found class java.lang.Object, but interface was expected> (0x000000076c34b7e8) thrown at [C:\jenkins\workspace\8-2-build-windows-amd64-cygwin\jdk8u271\605\hotspot\src\share\vm\interpreter\linkResolver

Events (10 events):
Event: 2.185 loading class org/codehaus/groovy/runtime/callsite/CallSiteArray
Event: 2.185 loading class org/codehaus/groovy/runtime/callsite/CallSiteArray done
Event: 2.187 loading class groovy/lang/MetaClassImpl$1MOPIter
Event: 2.187 loading class groovy/lang/MetaClassImpl$1MOPIter done
Event: 2.188 loading class org/codehaus/groovy/reflection/CachedClass$CachedMethodComparatorWithString
Event: 2.188 loading class org/codehaus/groovy/reflection/CachedClass$CachedMethodComparatorWithString done
Event: 2.190 loading class java/beans/BeanInfo
Event: 2.191 loading class java/beans/BeanInfo done
Event: 2.191 loading class groovy/lang/MetaClassImpl$15
Event: 2.191 loading class groovy/lang/MetaClassImpl$15 done


Dynamic libraries:
0x00007ff7d4460000 - 0x00007ff7d44a7000 	D:\Program Files\Java\jdk1.8.0_271\bin\java.exe
0x00007ffffbdb0000 - 0x00007ffffbfa5000 	C:\Windows\SYSTEM32\ntdll.dll
0x00007ffffb3a0000 - 0x00007ffffb45d000 	C:\Windows\System32\KERNEL32.DLL
0x00007ffff97a0000 - 0x00007ffff9a69000 	C:\Windows\System32\KERNELBASE.dll
0x00007ffffb590000 - 0x00007ffffb63c000 	C:\Windows\System32\ADVAPI32.dll
0x00007ffffb640000 - 0x00007ffffb6de000 	C:\Windows\System32\msvcrt.dll
0x00007ffffb290000 - 0x00007ffffb32c000 	C:\Windows\System32\sechost.dll
0x00007ffffb0a0000 - 0x00007ffffb1cb000 	C:\Windows\System32\RPCRT4.dll
0x00007ffffa160000 - 0x00007ffffa300000 	C:\Windows\System32\USER32.dll
0x00007ffff9c00000 - 0x00007ffff9c22000 	C:\Windows\System32\win32u.dll
0x00007ffffb6e0000 - 0x00007ffffb70a000 	C:\Windows\System32\GDI32.dll
0x00007ffff9af0000 - 0x00007ffff9bfb000 	C:\Windows\System32\gdi32full.dll
0x00007ffff9cc0000 - 0x00007ffff9d5d000 	C:\Windows\System32\msvcp_win.dll
0x00007ffff94f0000 - 0x00007ffff95f0000 	C:\Windows\System32\ucrtbase.dll
0x00007fffe7fd0000 - 0x00007fffe826a000 	C:\Windows\WinSxS\amd64_microsoft.windows.common-controls_6595b64144ccf1df_6.0.19041.844_none_ca00b6081b84eb1d\COMCTL32.dll
0x00007ffffb500000 - 0x00007ffffb530000 	C:\Windows\System32\IMM32.DLL
0x0000000055d00000 - 0x0000000055d0c000 	C:\Program Files (x86)\360\360Safe\safemon\SafeWrapper.dll
0x00007fffe7280000 - 0x00007fffe7312000 	C:\Program Files (x86)\360\360Safe\safemon\libzdtp64.dll
0x00007ffffa380000 - 0x00007ffffaac2000 	C:\Windows\System32\SHELL32.dll
0x00007ffffb230000 - 0x00007ffffb285000 	C:\Windows\System32\SHLWAPI.dll
0x00007ffff9010000 - 0x00007ffff901a000 	C:\Windows\SYSTEM32\VERSION.dll
0x00007ffff7450000 - 0x00007ffff7465000 	D:\Program Files\Java\jdk1.8.0_271\jre\bin\vcruntime140.dll
0x00007ffff4a00000 - 0x00007ffff4a9b000 	D:\Program Files\Java\jdk1.8.0_271\jre\bin\msvcp140.dll
0x0000000055220000 - 0x0000000055a8f000 	D:\Program Files\Java\jdk1.8.0_271\jre\bin\server\jvm.dll
0x00007ffffb710000 - 0x00007ffffb718000 	C:\Windows\System32\PSAPI.DLL
0x00007ffff0430000 - 0x00007ffff0457000 	C:\Windows\SYSTEM32\WINMM.dll
0x00007ffff65a0000 - 0x00007ffff65a9000 	C:\Windows\SYSTEM32\WSOCK32.dll
0x00007ffffb330000 - 0x00007ffffb39b000 	C:\Windows\System32\WS2_32.dll
0x00007ffff7d60000 - 0x00007ffff7d72000 	C:\Windows\SYSTEM32\kernel.appcore.dll
0x00007ffff7d20000 - 0x00007ffff7d30000 	D:\Program Files\Java\jdk1.8.0_271\jre\bin\verify.dll
0x00007fffc6d40000 - 0x00007fffc6d6b000 	D:\Program Files\Java\jdk1.8.0_271\jre\bin\java.dll
0x00007fffc4650000 - 0x00007fffc4680000 	D:\Program Files\Java\jdk1.8.0_271\jre\bin\instrument.dll
0x00007ffff7430000 - 0x00007ffff7448000 	D:\Program Files\Java\jdk1.8.0_271\jre\bin\zip.dll
0x00007ffff74d0000 - 0x00007ffff7c60000 	C:\Windows\SYSTEM32\windows.storage.dll
0x00007ffffaad0000 - 0x00007ffffae25000 	C:\Windows\System32\combase.dll
0x00007ffff8e80000 - 0x00007ffff8eac000 	C:\Windows\SYSTEM32\Wldp.dll
0x00007ffffafe0000 - 0x00007ffffb08e000 	C:\Windows\System32\SHCORE.dll
0x00007ffff9430000 - 0x00007ffff944f000 	C:\Windows\SYSTEM32\profapi.dll
0x00007fffc2060000 - 0x00007fffc207a000 	D:\Program Files\JetBrains\IntelliJ IDEA Community Edition 2019.3.4\bin\breakgen64.dll
0x00007fffe1510000 - 0x00007fffe152c000 	D:\Program Files\Java\jdk1.8.0_271\jre\bin\net.dll
0x00007ffff8ba0000 - 0x00007ffff8c0a000 	C:\Windows\system32\mswsock.dll
0x00007ffff7d10000 - 0x00007ffff7d1d000 	D:\Program Files\Java\jdk1.8.0_271\jre\bin\management.dll
0x00007fffe40e0000 - 0x00007fffe4113000 	C:\Program Files (x86)\Sangfor\SSL\ClientComponent\1_SangforNspX64.dll
0x00007ffffbb90000 - 0x00007ffffbcba000 	C:\Windows\System32\ole32.dll
0x00007ffff9f50000 - 0x00007ffffa01d000 	C:\Windows\System32\OLEAUT32.dll
0x00007fffe3fb0000 - 0x00007fffe3fc7000 	C:\Windows\system32\napinsp.dll
0x00007fffe3f30000 - 0x00007fffe3f4b000 	C:\Windows\system32\pnrpnsp.dll
0x00007ffff3c10000 - 0x00007ffff3c25000 	C:\Windows\system32\wshbth.dll
0x00007ffff4820000 - 0x00007ffff483d000 	C:\Windows\system32\NLAapi.dll
0x00007ffff8890000 - 0x00007ffff88cb000 	C:\Windows\SYSTEM32\IPHLPAPI.DLL
0x00007ffff88d0000 - 0x00007ffff899b000 	C:\Windows\SYSTEM32\DNSAPI.dll
0x00007ffffb4f0000 - 0x00007ffffb4f8000 	C:\Windows\System32\NSI.dll
0x00007fffe3e40000 - 0x00007fffe3e52000 	C:\Windows\System32\winrnr.dll
0x00007ffff0420000 - 0x00007ffff042a000 	C:\Windows\System32\rasadhlp.dll
0x00007ffff0340000 - 0x00007ffff03bf000 	C:\Windows\System32\fwpuclnt.dll
0x00007ffff9c30000 - 0x00007ffff9c57000 	C:\Windows\System32\bcrypt.dll
0x00007ffff6970000 - 0x00007ffff6b54000 	C:\Windows\SYSTEM32\dbghelp.dll
0x00007ffff9a70000 - 0x00007ffff9af0000 	C:\Windows\System32\bcryptPrimitives.dll

VM Arguments:
jvm_args: -Dvisualvm.id=248510081375300 -ea -Didea.test.cyclic.buffer.size=1048576 -javaagent:D:\Program Files\JetBrains\IntelliJ IDEA Community Edition 2019.3.4\lib\idea_rt.jar=61367:D:\Program Files\JetBrains\IntelliJ IDEA Community Edition 2019.3.4\bin -Dfile.encoding=UTF-8 
java_command: com.intellij.rt.junit.JUnitStarter -ideVersion5 -junit4 com.fen.dou.TestJunit,testSay
java_class_path (initial): D:\Program Files\JetBrains\IntelliJ IDEA Community Edition 2019.3.4\lib\idea_rt.jar;D:\Program Files\JetBrains\IntelliJ IDEA Community Edition 2019.3.4\plugins\junit\lib\junit5-rt.jar;D:\Program Files\JetBrains\IntelliJ IDEA Community Edition 2019.3.4\plugins\junit\lib\junit-rt.jar;D:\Program Files\Java\jdk1.8.0_271\jre\lib\charsets.jar;D:\Program Files\Java\jdk1.8.0_271\jre\lib\deploy.jar;D:\Program Files\Java\jdk1.8.0_271\jre\lib\ext\access-bridge-64.jar;D:\Program Files\Java\jdk1.8.0_271\jre\lib\ext\cldrdata.jar;D:\Program Files\Java\jdk1.8.0_271\jre\lib\ext\dnsns.jar;D:\Program Files\Java\jdk1.8.0_271\jre\lib\ext\jaccess.jar;D:\Program Files\Java\jdk1.8.0_271\jre\lib\ext\jfxrt.jar;D:\Program Files\Java\jdk1.8.0_271\jre\lib\ext\localedata.jar;D:\Program Files\Java\jdk1.8.0_271\jre\lib\ext\nashorn.jar;D:\Program Files\Java\jdk1.8.0_271\jre\lib\ext\sunec.jar;D:\Program Files\Java\jdk1.8.0_271\jre\lib\ext\sunjce_provider.jar;D:\Program Files\Java\jdk1.8.0_271\jre\lib\ext\sunmscapi.jar;D:\Program Files\Java\jdk1.8.0_271\jre\lib\ext\sunpkcs11.jar;D:\Program Files\Java\jdk1.8.0_271\jre\lib\ext\zipfs.jar;D:\Program Files\Java\jdk1.8.0_271\jre\lib\javaws.jar;D:\Program Files\Java\jdk1.8.0_271\jre\lib\jce.jar;D:\Program Files\Java\jdk1.8.0_271\jre\lib\jfr.jar;D:\Program Files\Java\jdk1.8.0_271\jre\lib\jfxswt.jar;D:\Program Files\Java\jdk1.8.0_271\jre\lib\jsse.jar;D:\Program Files\Java\jdk1.8.0_271\jre\lib\management-agent.jar;D:\Program Files\Java\jdk1.8.0_271\jre\lib\plugin.jar;D:\Program Files\Java\jdk1.8.0_271\jre\lib\resources.jar;D:\Program Files\Java\jdk1.8.0_271\jre\lib\rt.jar;F:\code\sharding-jdbc\target\test-classes;F:\code\sharding-jdbc\target\classes;D:\apache-maven-3.6.3-bin\apache-maven-3.6.3\repo\org\springframework\boot\spring-boot-starter-web\2.3.7.RELEASE\spring-boot-starter-web-2.3.7.RELEASE.jar;D:\apache-maven-3.6.3-bin\apache-maven-3.6.3\repo\org\springframework\boot\spring-boot-starter\2.3.7.RELEASE\spring-boot-starter-2.3
Launcher Type: SUN_STANDARD

Environment Variables:
JAVA_HOME=D:\Program Files\Java\jdk1.8.0_271
PATH=D:\Program Files (x86)\VMware\VMware Workstation\bin\;C:\Program Files (x86)\Common Files\Oracle\Java\javapath;C:\Windows\system32;C:\Windows;C:\Windows\System32\Wbem;C:\Windows\System32\WindowsPowerShell\v1.0\;C:\Windows\System32\OpenSSH\;C:\Program Files (x86)\NVIDIA Corporation\PhysX\Common;C:\Program Files\NVIDIA Corporation\NVIDIA NvDLISR;D:\Program Files (x86)\NetSarang\Xshell 7\;D:\Program Files (x86)\NetSarang\Xftp 7\;d:\Program Files\Git\cmd;D:\Program Files\TortoiseGit\bin;D:\gradle-5.3.1-bin\gradle-5.3.1\bin;D:\protoc-3.14.0-win64\bin;\;C:\Program Files (x86)\Yozosoft\Yozo_Office\Lib\xuggler\bin;D:\apache-maven-3.6.3-bin\apache-maven-3.6.3\bin;E:\VisualSVN Server\bin;E:\TortoiseSVN\bin;D:\scala-2.12.15\bin;E:\apache-zookeeper-3.5.9-bin\bin;D:\rocketmq-all-4.8.0-bin-release\bin;C:\Users\70765\AppData\Local\Microsoft\WindowsApps;;d:\Program Files\JetBrains\IntelliJ IDEA 2020.3\bin;
USERNAME=yangcai
OS=Windows_NT
PROCESSOR_IDENTIFIER=AMD64 Family 23 Model 96 Stepping 1, AuthenticAMD



---------------  S Y S T E M  ---------------

OS: Windows 10.0 , 64 bit Build 19041 (10.0.19041.804)

CPU:total 16 (initial active 16) (16 cores per cpu, 1 threads per core) family 23 model 96 stepping 1, cmov, cx8, fxsr, mmx, sse, sse2, sse3, ssse3, sse4.1, sse4.2, popcnt, avx, avx2, aes, clmul, mmxext, 3dnowpref, lzcnt, sse4a, tsc, tscinvbit, tscinv, bmi1

Memory: 4k page, physical 16643396k(1215120k free), swap 33029680k(6132k free)

vm_info: Java HotSpot(TM) 64-Bit Server VM (25.271-b09) for windows-amd64 JRE (1.8.0_271-b09), built on Sep 16 2020 19:14:59 by "" with MS VC++ 15.9 (VS2017)

time: Wed Apr  6 12:34:00 2022
timezone: 中国标准时间
elapsed time: 2.254022 seconds (0d 0h 0m 2s)

